0 silly argv {
0 silly argv   _: [ 'run' ],
0 silly argv   concurrency: 1,
0 silly argv   stream: true,
0 silly argv   since: 'HEAD',
0 silly argv   'exclude-dependents': true,
0 silly argv   excludeDependents: true,
0 silly argv   lernaVersion: '6.1.0',
0 silly argv   '$0': 'node_modules/.bin/lerna',
0 silly argv   script: 'precommit'
0 silly argv }
1 notice cli v6.1.0
2 verbose rootPath /home/jmueller/projects/biowc-core
3 error JSONError: Unexpected token "}" (0x7D) in JSON at position 1117 while parsing near "...\\\"wtr --watch\\\"\",\n  },\n  \"dependencies\":..." in packages/biowc-scatter/package.json
3 error
3 error [0m [90m 21 |[39m     [32m"test"[39m[33m:[39m [32m"tsc && wtr --coverage --node-resolve --playwright --browsers chromium firefox webkit"[39m[33m,[39m[0m
3 error [0m [90m 22 |[39m     [32m"test:watch"[39m[33m:[39m [32m"tsc && concurrently -k -r \"tsc --watch --preserveWatchOutput\" \"wtr --watch\""[39m[33m,[39m[0m
3 error [0m[31m[1m>[22m[39m[90m 23 |[39m   }[33m,[39m[0m
3 error [0m [90m    |[39m   [31m[1m^[22m[39m[0m
3 error [0m [90m 24 |[39m   [32m"dependencies"[39m[33m:[39m {[0m
3 error [0m [90m 25 |[39m     [32m"d3"[39m[33m:[39m [32m"^6.2.0"[39m[33m,[39m[0m
3 error [0m [90m 26 |[39m     [32m"lit"[39m[33m:[39m [32m"^2.0.2"[39m[0m
3 error
3 error     at parseJson (/home/jmueller/projects/biowc-core/node_modules/parse-json/index.js:29:21)
3 error     at parse (/home/jmueller/projects/biowc-core/node_modules/load-json-file/index.js:15:9)
3 error     at module.exports (/home/jmueller/projects/biowc-core/node_modules/load-json-file/index.js:18:47)
